<?xml version="1.0" encoding="UTF-8"?>
<!-- Generated by org.testng.reporters.JUnitReportReporter -->
<testsuite hostname="LAPTOP-BQR9MPTT" failures="0" tests="2" name="com.session1.testcases.KeyboardAndMouseActionsTest" time="14.416" errors="0" timestamp="2023-09-08T14:15:01 ICT" skipped="0">
  <testcase classname="com.session1.testcases.KeyboardAndMouseActionsTest" name="testJQueryToolsTooltip" time="6.292"/>
  <system-out/>
  <testcase classname="com.session1.testcases.KeyboardAndMouseActionsTest" name="testEnterUpperCaseLetters" time="8.124"/>
  <system-out/>
</testsuite> <!-- com.session1.testcases.KeyboardAndMouseActionsTest -->
