<?xml version="1.0" encoding="UTF-8"?>
<!-- Generated by org.testng.reporters.JUnitReportReporter -->
<testsuite hostname="LAPTOP-BQR9MPTT" failures="0" tests="2" name="com.session1.testcases.BrowserWithoutCookiesTest" time="21.240" errors="0" timestamp="2023-09-08T15:07:53 ICT" skipped="0">
  <testcase classname="com.session1.testcases.BrowserWithoutCookiesTest" name="testLoginApp" time="9.805"/>
  <system-out/>
  <testcase classname="com.session1.testcases.BrowserWithoutCookiesTest" name="testLoginAppWithRefreshBrowser" time="11.435"/>
  <system-out/>
</testsuite> <!-- com.session1.testcases.BrowserWithoutCookiesTest -->
