<?xml version="1.0" encoding="UTF-8"?>
<!-- Generated by org.testng.reporters.JUnitReportReporter -->
<testsuite hostname="LAPTOP-BQR9MPTT" failures="0" tests="1" name="session3.com.testcases.DatabaseTest" time="1.014" errors="0" timestamp="2023-11-10T15:24:51 ICT" skipped="0">
  <testcase classname="session3.com.testcases.DatabaseTest" name="connectDBMySQL_usingMultiDimension" time="1.014"/>
  <system-out/>
</testsuite> <!-- session3.com.testcases.DatabaseTest -->
