<?xml version="1.0" encoding="UTF-8"?>
<!-- Generated by org.testng.reporters.JUnitReportReporter -->
<testsuite hostname="LAPTOP-BQR9MPTT" failures="0" tests="1" name="session3.com.testcases.Multiply" time="0.002" errors="0" timestamp="2023-11-10T15:34:39 ICT" skipped="0">
  <testcase classname="session3.com.testcases.Multiply" name="mul" time="0.002"/>
  <system-out/>
</testsuite> <!-- session3.com.testcases.Multiply -->
