<?xml version="1.0" encoding="UTF-8"?>
<!-- Generated by org.testng.reporters.JUnitReportReporter -->
<testsuite hostname="LAPTOP-BQR9MPTT" failures="0" tests="2" name="session2.com.testcases.LoginAppWithPageFactoryTest" time="23.378" errors="0" timestamp="2023-09-24T10:16:53 ICT" skipped="0">
  <testcase classname="session2.com.testcases.LoginAppWithPageFactoryTest" name="testLoginPageAppearCorrectWithPageFactory" time="10.045"/>
  <system-out/>
  <testcase classname="session2.com.testcases.LoginAppWithPageFactoryTest" name="testHomePageAppearCorrectWithPageFactory" time="13.333"/>
  <system-out/>
</testsuite> <!-- session2.com.testcases.LoginAppWithPageFactoryTest -->
