<?xml version="1.0" encoding="UTF-8"?>
<!-- Generated by org.testng.reporters.JUnitReportReporter -->
<testsuite hostname="LAPTOP-BQR9MPTT" failures="0" tests="2" name="session2.com.testcases.TestOneWithStaticWebDriver" time="34.667" errors="0" timestamp="2023-09-22T13:27:02 ICT" skipped="0">
  <testcase classname="session2.com.testcases.TestOneWithStaticWebDriver" name="GoogleTest" time="18.408"/>
  <system-out/>
  <testcase classname="session2.com.testcases.TestOneWithStaticWebDriver" name="FacebookTest" time="16.259"/>
  <system-out/>
</testsuite> <!-- session2.com.testcases.TestOneWithStaticWebDriver -->
