<?xml version="1.0" encoding="UTF-8"?>
<!-- Generated by org.testng.reporters.JUnitReportReporter -->
<testsuite hostname="LAPTOP-BQR9MPTT" failures="0" tests="1" name="session2.com.projects.crm.testcases.SignInTest" time="5.032" errors="0" timestamp="2023-09-21T21:51:23 ICT" skipped="0">
  <testcase classname="session2.com.projects.crm.testcases.SignInTest" name="testLoginCrmPerfex" time="5.032"/>
  <system-out/>
</testsuite> <!-- session2.com.projects.crm.testcases.SignInTest -->
