<?xml version="1.0" encoding="UTF-8"?>
<!-- Generated by org.testng.reporters.JUnitReportReporter -->
<testsuite hostname="LAPTOP-BQR9MPTT" failures="0" tests="1" name="session4.com.testcases.LoggingTest" time="15.194" errors="0" timestamp="2023-11-29T19:45:37 ICT" skipped="0">
  <testcase classname="session4.com.testcases.LoggingTest" name="testElementNotInteractableExceptionHandling_usingJavascriptClick" time="15.194"/>
  <system-out/>
</testsuite> <!-- session4.com.testcases.LoggingTest -->
