<?xml version="1.0" encoding="UTF-8"?>
<!-- Generated by org.testng.reporters.JUnitReportReporter -->
<testsuite hostname="LAPTOP-BQR9MPTT" failures="0" tests="2" name="session2.com.testcases.StaleElementReferenceExceptionHandlingTest" time="136.697" errors="0" timestamp="2023-09-23T12:26:21 ICT" skipped="0">
  <testcase classname="session2.com.testcases.StaleElementReferenceExceptionHandlingTest" name="testStaleElementReferenceExceptionHandling_usingTryCatch" time="89.245"/>
  <system-out/>
  <testcase classname="session2.com.testcases.StaleElementReferenceExceptionHandlingTest" name="testStaleElementReferenceExceptionHandling_usingExplicitWait" time="47.452"/>
  <system-out/>
</testsuite> <!-- session2.com.testcases.StaleElementReferenceExceptionHandlingTest -->
