<?xml version="1.0" encoding="UTF-8"?>
<!-- Generated by org.testng.reporters.JUnitReportReporter -->
<testsuite hostname="LAPTOP-BQR9MPTT" failures="0" tests="1" name="com.session1.testcases.BrowserNotificationPopupTest" time="16.086" errors="0" timestamp="2023-09-05T09:41:06 ICT" skipped="0">
  <testcase classname="com.session1.testcases.BrowserNotificationPopupTest" name="testNotificationPopupOnFirefox_showingBrowserLevelNotification" time="16.086"/>
  <system-out/>
</testsuite> <!-- com.session1.testcases.BrowserNotificationPopupTest -->
