<?xml version="1.0" encoding="UTF-8"?>
<!-- Generated by org.testng.reporters.JUnitReportReporter -->
<testsuite hostname="LAPTOP-BQR9MPTT" failures="0" tests="4" name="session3.com.testcases.DataDrivenTest" time="0.111" errors="0" timestamp="2023-11-10T15:50:43 ICT" skipped="0">
  <testcase classname="session3.com.testcases.DataDrivenTest" name="testDBMySQL_getHashMapData" time="0.004"/>
  <system-out/>
  <testcase classname="session3.com.testcases.DataDrivenTest" name="testDBMySQL_getHashMapData" time="0.008"/>
  <system-out/>
  <testcase classname="session3.com.testcases.DataDrivenTest" name="testDBMySQL_getHashMapData" time="0.003"/>
  <system-out/>
  <testcase classname="session3.com.testcases.DataDrivenTest" name="testDBMySQL_getHashMapData" time="0.096"/>
  <system-out/>
</testsuite> <!-- session3.com.testcases.DataDrivenTest -->
