<?xml version="1.0" encoding="UTF-8"?>
<!-- Generated by org.testng.reporters.JUnitReportReporter -->
<testsuite hostname="LAPTOP-BQR9MPTT" failures="0" tests="1" name="session3.com.testcases.ExcelFileTest" time="49.259" errors="0" timestamp="2023-11-10T14:35:49 ICT" skipped="0">
  <testcase classname="session3.com.testcases.ExcelFileTest" name="testExcelFile_writeWebTable" time="49.259"/>
  <system-out/>
</testsuite> <!-- session3.com.testcases.ExcelFileTest -->
