<?xml version="1.0" encoding="UTF-8"?>
<!-- Generated by org.testng.reporters.JUnitReportReporter -->
<testsuite hostname="LAPTOP-BQR9MPTT" failures="0" tests="1" name="com.session1.testcases.PopupAndAlertsTest" time="10.218" errors="0" timestamp="2023-09-08T14:28:44 ICT" skipped="0">
  <testcase classname="com.session1.testcases.PopupAndAlertsTest" name="testWindowsAuthenticationPopup_usingRobot" time="10.218"/>
  <system-out/>
</testsuite> <!-- com.session1.testcases.PopupAndAlertsTest -->
