<?xml version="1.0" encoding="UTF-8"?>
<!-- Generated by org.testng.reporters.JUnitReportReporter -->
<testsuite hostname="LAPTOP-BQR9MPTT" failures="0" tests="2" name="session3.com.testcases.Params" time="0.093" errors="0" timestamp="2023-11-10T15:34:39 ICT" skipped="0">
  <testcase classname="session3.com.testcases.Params" name="Diff" time="0.090"/>
  <system-out/>
  <testcase classname="session3.com.testcases.Params" name="Sum" time="0.003"/>
  <system-out/>
</testsuite> <!-- session3.com.testcases.Params -->
