<?xml version="1.0" encoding="UTF-8"?>
<!-- Generated by org.testng.reporters.JUnitReportReporter -->
<testsuite hostname="LAPTOP-BQR9MPTT" failures="0" tests="2" name="com.session1.testcases.UploadFileTest" time="22.674" errors="0" timestamp="2023-09-08T14:47:47 ICT" skipped="0">
  <testcase classname="com.session1.testcases.UploadFileTest" name="testUploadFiles_usingRobot" time="11.330"/>
  <system-out/>
  <testcase classname="com.session1.testcases.UploadFileTest" name="testUploadFiles_usingSendKeys" time="11.344"/>
  <system-out/>
</testsuite> <!-- com.session1.testcases.UploadFileTest -->
