<?xml version="1.0" encoding="UTF-8"?>
<!-- Generated by org.testng.reporters.JUnitReportReporter -->
<testsuite hostname="LAPTOP-BQR9MPTT" failures="0" tests="1" name="com.session1.testcases.DynamicContentTest" time="39.517" errors="0" timestamp="2023-09-09T17:04:02 ICT" skipped="0">
  <testcase classname="com.session1.testcases.DynamicContentTest" name="selectDateFromTelerikDateTimePicker" time="39.517"/>
  <system-out/>
</testsuite> <!-- com.session1.testcases.DynamicContentTest -->
