<?xml version="1.0" encoding="UTF-8"?>
<!-- Generated by org.testng.reporters.JUnitReportReporter -->
<testsuite hostname="LAPTOP-BQR9MPTT" failures="0" tests="1" name="session2.com.testcases.SeleniumWaitsTest" time="8.487" errors="0" timestamp="2023-09-24T20:56:04 ICT" skipped="0">
  <testcase classname="session2.com.testcases.SeleniumWaitsTest" name="testImplicitWait_WithCustomValue" time="8.487"/>
  <system-out/>
</testsuite> <!-- session2.com.testcases.SeleniumWaitsTest -->
