<?xml version="1.0" encoding="UTF-8"?>
<!-- Generated by org.testng.reporters.JUnitReportReporter -->
<testsuite hostname="LAPTOP-BQR9MPTT" failures="0" tests="5" name="com.session1.testcases.MultipleWindowsAndFramesTest" time="58.309" errors="0" timestamp="2023-09-10T22:49:47 ICT" skipped="0">
  <testcase classname="com.session1.testcases.MultipleWindowsAndFramesTest" name="testMultipleBrowserTabs" time="11.536"/>
  <system-out/>
  <testcase classname="com.session1.testcases.MultipleWindowsAndFramesTest" name="testMultipleWindows1" time="14.808"/>
  <system-out/>
  <testcase classname="com.session1.testcases.MultipleWindowsAndFramesTest" name="testMultipleWindows2" time="15.687"/>
  <system-out/>
  <testcase classname="com.session1.testcases.MultipleWindowsAndFramesTest" name="testiFrame" time="7.087"/>
  <system-out/>
  <testcase classname="com.session1.testcases.MultipleWindowsAndFramesTest" name="testMultipleWindows3" time="9.191"/>
  <system-out/>
</testsuite> <!-- com.session1.testcases.MultipleWindowsAndFramesTest -->
