<?xml version="1.0" encoding="UTF-8"?>
<!-- Generated by org.testng.reporters.JUnitReportReporter -->
<testsuite hostname="LAPTOP-BQR9MPTT" failures="0" tests="2" name="com.session1.testcases.BrowserCookiesTest" time="16.160" errors="0" timestamp="2023-09-08T15:07:02 ICT" skipped="0">
  <testcase classname="com.session1.testcases.BrowserCookiesTest" name="testStoringCookieInformation" time="10.649"/>
  <system-out/>
  <testcase classname="com.session1.testcases.BrowserCookiesTest" name="testLoginAppWithStoredCookie" time="5.511"/>
  <system-out/>
</testsuite> <!-- com.session1.testcases.BrowserCookiesTest -->
