<?xml version="1.0" encoding="UTF-8"?>
<!-- Generated by org.testng.reporters.JUnitReportReporter -->
<testsuite hostname="LAPTOP-BQR9MPTT" failures="0" tests="1" name="session2.com.testcases.EdxAssignmentTest" time="67.684" errors="0" timestamp="2023-10-12T19:28:48 ICT" skipped="0">
  <testcase classname="session2.com.testcases.EdxAssignmentTest" name="testHomePageAppearCorrect" time="67.684"/>
  <system-out/>
</testsuite> <!-- session2.com.testcases.EdxAssignmentTest -->
