<?xml version="1.0" encoding="UTF-8"?>
<!-- Generated by org.testng.reporters.JUnitReportReporter -->
<testsuite hostname="LAPTOP-BQR9MPTT" failures="0" tests="1" name="session3.com.testcases.CodeTest" time="0.755" errors="0" timestamp="2023-11-08T08:41:15 ICT" skipped="0">
  <testcase classname="session3.com.testcases.CodeTest" name="connectDBMySQL_usingMap" time="0.755"/>
  <system-out/>
</testsuite> <!-- session3.com.testcases.CodeTest -->
