<?xml version="1.0" encoding="UTF-8"?>
<!-- Generated by org.testng.reporters.JUnitReportReporter -->
<testsuite hostname="LAPTOP-BQR9MPTT" failures="0" tests="3" name="session4.com.testcases.ListenerTest_SuiteLevel" time="17.563" errors="0" timestamp="2023-11-30T21:45:09 ICT" skipped="1">
  <testcase classname="session4.com.testcases.ListenerTest_SuiteLevel" name="testStaleElementReferenceExceptionHandling_skipTestCase" time="0.945">
    <skipped/>
  </testcase> <!-- testStaleElementReferenceExceptionHandling_skipTestCase -->
  <system-out/>
  <testcase classname="session4.com.testcases.ListenerTest_SuiteLevel" name="testStaleElementReferenceExceptionHandling_usingExplicitWait" time="9.750"/>
  <system-out/>
  <testcase classname="session4.com.testcases.ListenerTest_SuiteLevel" name="testStaleElementReferenceExceptionHandling_usingTryCatch" time="6.868"/>
  <system-out/>
</testsuite> <!-- session4.com.testcases.ListenerTest_SuiteLevel -->
