<?xml version="1.0" encoding="UTF-8"?>
<!-- Generated by org.testng.reporters.JUnitReportReporter -->
<testsuite hostname="LAPTOP-BQR9MPTT" failures="0" tests="3" name="session4.com.testcases.ListenerTest_SuiteLevel" time="21.848" errors="0" timestamp="2023-12-04T07:54:21 ICT" skipped="1">
  <testcase classname="session4.com.testcases.ListenerTest_SuiteLevel" name="testStaleElementReferenceExceptionHandling_skipTestCase" time="1.539">
    <skipped/>
  </testcase> <!-- testStaleElementReferenceExceptionHandling_skipTestCase -->
  <system-out/>
  <testcase classname="session4.com.testcases.ListenerTest_SuiteLevel" name="testStaleElementReferenceExceptionHandling_usingExplicitWait" time="8.050"/>
  <system-out/>
  <testcase classname="session4.com.testcases.ListenerTest_SuiteLevel" name="testStaleElementReferenceExceptionHandling_usingTryCatch" time="12.259"/>
  <system-out/>
</testsuite> <!-- session4.com.testcases.ListenerTest_SuiteLevel -->
